<?xml version="1.0" encoding="UTF-8"?>
<testsuite xmlns:xsi="http://www.w3.org/2001/XMLSchema-instance" xsi:noNamespaceSchemaLocation="https://maven.apache.org/surefire/maven-surefire-plugin/xsd/surefire-test-report.xsd" name="br.edu.ifrn.pds.atividade.test.conta.ContaBancariaTest" time="0" tests="12" errors="0" skipped="0" failures="0">
  <properties>
    <property name="java.specification.version" value="20"/>
    <property name="sun.cpu.isalist" value="amd64"/>
    <property name="sun.jnu.encoding" value="Cp1252"/>
    <property name="java.class.path" value="C:\Users\mathe\Desktop\pds-junit-main\target\test-classes;C:\Users\mathe\Desktop\pds-junit-main\target\classes;C:\Users\mathe\.m2\repository\org\junit\jupiter\junit-jupiter-engine\5.9.1\junit-jupiter-engine-5.9.1.jar;C:\Users\mathe\.m2\repository\org\junit\platform\junit-platform-engine\1.9.1\junit-platform-engine-1.9.1.jar;C:\Users\mathe\.m2\repository\org\opentest4j\opentest4j\1.2.0\opentest4j-1.2.0.jar;C:\Users\mathe\.m2\repository\org\junit\platform\junit-platform-commons\1.9.1\junit-platform-commons-1.9.1.jar;C:\Users\mathe\.m2\repository\org\junit\jupiter\junit-jupiter-api\5.9.1\junit-jupiter-api-5.9.1.jar;C:\Users\mathe\.m2\repository\org\apiguardian\apiguardian-api\1.1.2\apiguardian-api-1.1.2.jar;"/>
    <property name="java.vm.vendor" value="Oracle Corporation"/>
    <property name="sun.arch.data.model" value="64"/>
    <property name="user.variant" value=""/>
    <property name="java.vendor.url" value="https://java.oracle.com/"/>
    <property name="user.timezone" value="America/Sao_Paulo"/>
    <property name="os.name" value="Windows 10"/>
    <property name="java.vm.specification.version" value="20"/>
    <property name="user.country" value="BR"/>
    <property name="sun.java.launcher" value="SUN_STANDARD"/>
    <property name="sun.boot.library.path" value="C:\Program Files\Java\jdk-20\bin"/>
    <property name="sun.java.command" value="C:\Users\mathe\AppData\Local\Temp\surefire6723707522286892119\surefirebooter5679414080477140178.jar C:\Users\mathe\AppData\Local\Temp\surefire6723707522286892119 2023-11-12T21-31-37_820-jvmRun1 surefire14746592020086884866tmp surefire_017456908896639468949tmp"/>
    <property name="jdk.debug" value="release"/>
    <property name="surefire.test.class.path" value="C:\Users\mathe\Desktop\pds-junit-main\target\test-classes;C:\Users\mathe\Desktop\pds-junit-main\target\classes;C:\Users\mathe\.m2\repository\org\junit\jupiter\junit-jupiter-engine\5.9.1\junit-jupiter-engine-5.9.1.jar;C:\Users\mathe\.m2\repository\org\junit\platform\junit-platform-engine\1.9.1\junit-platform-engine-1.9.1.jar;C:\Users\mathe\.m2\repository\org\opentest4j\opentest4j\1.2.0\opentest4j-1.2.0.jar;C:\Users\mathe\.m2\repository\org\junit\platform\junit-platform-commons\1.9.1\junit-platform-commons-1.9.1.jar;C:\Users\mathe\.m2\repository\org\junit\jupiter\junit-jupiter-api\5.9.1\junit-jupiter-api-5.9.1.jar;C:\Users\mathe\.m2\repository\org\apiguardian\apiguardian-api\1.1.2\apiguardian-api-1.1.2.jar;"/>
    <property name="sun.cpu.endian" value="little"/>
    <property name="user.home" value="C:\Users\mathe"/>
    <property name="user.language" value="pt"/>
    <property name="java.specification.vendor" value="Oracle Corporation"/>
    <property name="java.version.date" value="2023-04-18"/>
    <property name="java.home" value="C:\Program Files\Java\jdk-20"/>
    <property name="file.separator" value="\"/>
    <property name="basedir" value="C:\Users\mathe\Desktop\pds-junit-main"/>
    <property name="java.vm.compressedOopsMode" value="Zero based"/>
    <property name="line.separator" value="&#10;"/>
    <property name="java.vm.specification.vendor" value="Oracle Corporation"/>
    <property name="java.specification.name" value="Java Platform API Specification"/>
    <property name="surefire.real.class.path" value="C:\Users\mathe\AppData\Local\Temp\surefire6723707522286892119\surefirebooter5679414080477140178.jar"/>
    <property name="user.script" value=""/>
    <property name="sun.management.compiler" value="HotSpot 64-Bit Tiered Compilers"/>
    <property name="java.runtime.version" value="20.0.1+9-29"/>
    <property name="user.name" value="mathe"/>
    <property name="stdout.encoding" value="Cp1252"/>
    <property name="path.separator" value=";"/>
    <property name="os.version" value="10.0"/>
    <property name="java.runtime.name" value="Java(TM) SE Runtime Environment"/>
    <property name="file.encoding" value="UTF-8"/>
    <property name="java.vm.name" value="Java HotSpot(TM) 64-Bit Server VM"/>
    <property name="maven.ext.class.path" value="C:\Program Files\NetBeans-17\netbeans\java\maven-nblib\netbeans-eventspy.jar"/>
    <property name="localRepository" value="C:\Users\mathe\.m2\repository"/>
    <property name="java.vendor.url.bug" value="https://bugreport.java.com/bugreport/"/>
    <property name="java.io.tmpdir" value="C:\Users\mathe\AppData\Local\Temp\"/>
    <property name="java.version" value="20.0.1"/>
    <property name="user.dir" value="C:\Users\mathe\Desktop\pds-junit-main"/>
    <property name="os.arch" value="amd64"/>
    <property name="java.vm.specification.name" value="Java Virtual Machine Specification"/>
    <property name="sun.os.patch.level" value=""/>
    <property name="native.encoding" value="Cp1252"/>
    <property name="java.library.path" value="C:\Program Files\Java\jdk-20\bin;C:\Windows\Sun\Java\bin;C:\Windows\system32;C:\Windows;C:\Program Files\Common Files\Oracle\Java\javapath;C:\Windows\system32;C:\Windows;C:\Windows\System32\Wbem;C:\Windows\System32\WindowsPowerShell\v1.0\;C:\Windows\System32\OpenSSH\;C:\Program Files (x86)\NVIDIA Corporation\PhysX\Common;C:\Program Files\NVIDIA Corporation\NVIDIA NvDLISR;C:\Program Files\dotnet\;C:\Program Files\Git\cmd;C:\php;C:\ProgramData\ComposerSetup\bin;C:\Program Files\nodejs\;C:\Program Files\MySQL\MySQL Shell 8.0\bin\;C:\Users\mathe\AppData\Local\Microsoft\WindowsApps;;C:\Users\mathe\AppData\Local\Programs\Microsoft VS Code\bin;C:\Users\mathe\AppData\Roaming\Composer\vendor\bin;C:\Users\mathe\AppData\Roaming\npm;."/>
    <property name="java.vm.info" value="mixed mode, sharing"/>
    <property name="stderr.encoding" value="Cp1252"/>
    <property name="java.vendor" value="Oracle Corporation"/>
    <property name="java.vm.version" value="20.0.1+9-29"/>
    <property name="sun.io.unicode.encoding" value="UnicodeLittle"/>
    <property name="java.class.version" value="64.0"/>
  </properties>
  <testcase name="deveriaLancarExcecaoAoTransferirParaMesmaConta" classname="br.edu.ifrn.pds.atividade.test.conta.ContaBancariaTest" time="0"/>
  <testcase name="deveriaTransferir500ParaConta2" classname="br.edu.ifrn.pds.atividade.test.conta.ContaBancariaTest" time="0"/>
  <testcase name="deveriaLancarMensagemCorretaAoDepositar" classname="br.edu.ifrn.pds.atividade.test.conta.ContaBancariaTest" time="0"/>
  <testcase name="deveriaRetornarSaldoDe1000" classname="br.edu.ifrn.pds.atividade.test.conta.ContaBancariaTest" time="0"/>
  <testcase name="deveriaLancarExcecaoAoSacarValorMaiorQueSaldo" classname="br.edu.ifrn.pds.atividade.test.conta.ContaBancariaTest" time="0"/>
  <testcase name="deveriaLancarExcecaoAoTransferirValorNegativo" classname="br.edu.ifrn.pds.atividade.test.conta.ContaBancariaTest" time="0"/>
  <testcase name="deveriaDepositar1000" classname="br.edu.ifrn.pds.atividade.test.conta.ContaBancariaTest" time="0"/>
  <testcase name="deveriaSacar400" classname="br.edu.ifrn.pds.atividade.test.conta.ContaBancariaTest" time="0"/>
  <testcase name="deveriaLancarExcecaoAoSacarValorNegativo" classname="br.edu.ifrn.pds.atividade.test.conta.ContaBancariaTest" time="0"/>
  <testcase name="deveriaDiminuirSaldoAoSacar400" classname="br.edu.ifrn.pds.atividade.test.conta.ContaBancariaTest" time="0"/>
  <testcase name="deveriaLancarExcecaoAoDepositar" classname="br.edu.ifrn.pds.atividade.test.conta.ContaBancariaTest" time="0"/>
  <testcase name="deveriaLancarExcecaoAoTransferirValorMaiorQueSaldo" classname="br.edu.ifrn.pds.atividade.test.conta.ContaBancariaTest" time="0"/>
</testsuite>